number,value,datetime_start,datetime_complete,duration,params_base_ch,params_batch_size,params_dropout,params_emb_dim,params_lam,params_lr_d,params_lr_g,system_attrs_tpe:relative_params:0,state
0,0.6968068331480026,2026-10-04 06:14:59.165325,2026-10-04 06:17:00.029026,0 days 00:02:00.863701,48,8,0.35403628889802274,16,17.24089219582153,0.0008627358286640176,0.0001535528683888687,,COMPLETE
1,0.7810211405158043,2026-10-04 06:17:00.049058,2026-10-04 06:17:32.779841,0 days 00:00:32.730783,16,8,0.22803499210851796,8,11.492999300221415,0.00012439367209907224,8.66133373527314e-05,,COMPLETE
2,0.6690746247768402,2026-10-04 06:17:32.793375,2026-10-04 06:18:25.610551,0 days 00:00:52.817176,16,32,0.22007624686980065,64,21.711034543766143,8.333491643033219e-05,0.00030860579740535354,,COMPLETE
3,0.6687581539154053,2026-10-04 06:18:25.627031,2026-10-04 06:18:51.900854,0 days 00:00:26.273823,16,16,0.29894998940554257,8,26.501137707458977,0.00012720830454691852,0.000363857531708547,,COMPLETE
4,0.631405882537365,2026-10-04 06:18:51.917908,2026-10-04 06:21:33.806620,0 days 00:02:41.888712,48,8,0.49344346830025865,64,83.10795711416078,0.00011272058498680245,0.00016019568611465226,,COMPLETE
5,0.6541410461068153,2026-10-04 06:21:33.822538,2026-10-04 06:22:27.983305,0 days 00:00:54.160767,16,16,0.1554911608578311,64,41.149615546913346,0.0005039829683935363,0.0004440482849384361,,COMPLETE
6,0.8058244958519936,2026-10-04 06:22:27.998347,2026-10-04 06:22:46.944218,0 days 00:00:18.945871,32,32,0.053945713496652226,16,151.62513677579236,0.00042356773126632795,7.154276249073922e-05,,PRUNED
7,0.6934912949800491,2026-10-04 06:22:46.956896,2026-10-04 06:24:56.575455,0 days 00:02:09.618559,48,8,0.31670187825521173,64,50.315342656703216,0.00017095842058829482,0.00010551317027300856,,PRUNED
8,0.6106341108679771,2026-10-04 06:24:56.588175,2026-10-04 06:26:56.892358,0 days 00:02:00.304183,48,8,0.25537365128878287,8,168.5597226442016,0.0007325068062521802,0.0005616604788742511,,COMPLETE
9,0.8982674181461334,2026-10-04 06:26:56.908866,2026-10-04 06:27:06.677036,0 days 00:00:09.768170,16,32,0.1424202471887338,16,23.04238391064944,0.0002365550177813243,0.0001316638995307477,,PRUNED
10,0.6257376000285149,2026-10-04 06:27:06.690294,2026-10-04 06:29:06.686801,0 days 00:01:59.996507,48,8,0.1706231783489771,8,124.79888303651788,0.0007867211212568766,0.0003890861515127127,"{""base_ch"": 48, ""batch_size"": 8, ""dropout"": 0.1706231783489771, ""emb_dim"": 8, ""lam"": 124.79888303651788, ""lr_d"": 0.0007867211212568766, ""lr_g"": 0.0003890861515127127}",COMPLETE
11,0.6189973503351212,2026-10-04 06:29:06.701483,2026-10-04 06:31:12.642749,0 days 00:02:05.941266,48,8,0.26402797543883516,16,149.28988648878237,0.0006223360546070151,0.0005970879286593103,"{""base_ch"": 48, ""batch_size"": 8, ""dropout"": 0.26402797543883516, ""emb_dim"": 16, ""lam"": 149.28988648878237, ""lr_d"": 0.0006223360546070151, ""lr_g"": 0.0005970879286593103}",COMPLETE
12,0.6146851629018784,2026-10-04 06:31:12.657063,2026-10-04 06:33:12.571189,0 days 00:01:59.914126,48,8,0.3593010017883318,8,80.39690288452076,0.0008255932946019481,0.0009095670493799689,"{""base_ch"": 48, ""batch_size"": 8, ""dropout"": 0.3593010017883318, ""emb_dim"": 8, ""lam"": 80.39690288452076, ""lr_d"": 0.0008255932946019481, ""lr_g"": 0.0009095670493799689}",COMPLETE
13,0.6187063455581665,2026-10-04 06:33:12.585900,2026-10-04 06:35:12.401040,0 days 00:01:59.815140,48,8,0.4210106908434875,8,77.6559325825389,0.0006540210714536913,0.0005445585750988433,"{""base_ch"": 48, ""batch_size"": 8, ""dropout"": 0.4210106908434875, ""emb_dim"": 8, ""lam"": 77.6559325825389, ""lr_d"": 0.0006540210714536913, ""lr_g"": 0.0005445585750988433}",COMPLETE
14,0.6891324892640114,2026-10-04 06:35:12.416156,2026-10-04 06:35:58.808643,0 days 00:00:46.392487,48,8,0.2228679187707928,32,27.84318723666576,0.0007962351168349088,0.0009016385482696087,"{""base_ch"": 48, ""batch_size"": 8, ""dropout"": 0.2228679187707928, ""emb_dim"": 32, ""lam"": 27.84318723666576, ""lr_d"": 0.0007962351168349088, ""lr_g"": 0.0009016385482696087}",PRUNED
15,0.6176887601613998,2026-10-04 06:35:58.821156,2026-10-04 06:37:01.599980,0 days 00:01:02.778824,32,8,0.31705062542835716,8,194.0806588957212,0.0003608771398314617,0.0008572466498391339,"{""base_ch"": 32, ""batch_size"": 8, ""dropout"": 0.31705062542835716, ""emb_dim"": 8, ""lam"": 194.0806588957212, ""lr_d"": 0.0003608771398314617, ""lr_g"": 0.0008572466498391339}",COMPLETE
16,0.6877781376242638,2026-10-04 06:37:01.615462,2026-10-04 06:38:02.365397,0 days 00:01:00.749935,48,32,0.3948051352492913,16,47.058086218168896,0.0005608147145608024,0.000988137516276749,"{""base_ch"": 48, ""batch_size"": 32, ""dropout"": 0.3948051352492913, ""emb_dim"": 16, ""lam"": 47.058086218168896, ""lr_d"": 0.0005608147145608024, ""lr_g"": 0.000988137516276749}",PRUNED
17,0.610308825969696,2026-10-04 06:38:02.377585,2026-10-04 06:40:02.310352,0 days 00:01:59.932767,48,8,0.14544339632534614,8,156.89953598142586,0.00021143987257996903,0.0008318512720852467,"{""base_ch"": 48, ""batch_size"": 8, ""dropout"": 0.14544339632534614, ""emb_dim"": 8, ""lam"": 156.89953598142586, ""lr_d"": 0.00021143987257996903, ""lr_g"": 0.0008318512720852467}",COMPLETE
18,0.6938621699810028,2026-10-04 06:40:02.327600,2026-10-04 06:40:42.606668,0 days 00:00:40.279068,48,8,0.19332226029297195,8,84.90191966002737,0.00043290481396426623,0.00019541517706058627,"{""base_ch"": 48, ""batch_size"": 8, ""dropout"": 0.19332226029297195, ""emb_dim"": 8, ""lam"": 84.90191966002737, ""lr_d"": 0.00043290481396426623, ""lr_g"": 0.00019541517706058627}",PRUNED
19,0.6098941564559937,2026-10-04 06:40:42.620347,2026-10-04 06:42:42.364064,0 days 00:01:59.743717,48,8,0.1291369244913847,8,196.2476381884901,0.0003825784542300244,0.0009957775487959965,"{""base_ch"": 48, ""batch_size"": 8, ""dropout"": 0.1291369244913847, ""emb_dim"": 8, ""lam"": 196.2476381884901, ""lr_d"": 0.0003825784542300244, ""lr_g"": 0.0009957775487959965}",COMPLETE
