number,value,datetime_start,datetime_complete,duration,params_a,params_delta,params_gamma,params_lr_joint,params_temperature,system_attrs_tpe:relative_params:0,state
0,0.178530965000391,2026-10-04 09:18:05.438016,2026-10-04 09:22:03.830592,0 days 00:03:58.392576,0.5702083881990965,0.06251373574521749,0.29106359131330695,4.3284502212938785e-05,2.87678576602479,,COMPLETE
1,0.17928420193493366,2026-10-04 09:22:03.849108,2026-10-04 09:26:00.845486,0 days 00:03:56.996378,0.8186326600082204,0.06358358856676251,0.5399484409787431,1.8408992080552506e-05,0.6452090304204987,,COMPLETE
2,0.1786861326545477,2026-10-04 09:26:00.859863,2026-10-04 09:29:58.883162,0 days 00:03:58.023299,0.5818212352431953,0.004335281794951566,0.46225890010208287,1.0838581269344744e-05,2.9247746304049858,,COMPLETE
3,0.17903256975114346,2026-10-04 09:29:58.897392,2026-10-04 09:33:56.216267,0 days 00:03:57.318875,0.6310531130891188,0.01976218934028007,0.11207606211860566,2.049268011541735e-05,1.2606056073988443,,COMPLETE
4,0.1787268240004778,2026-10-04 09:33:56.229748,2026-10-04 09:37:53.626592,0 days 00:03:57.396844,0.7052314928976662,0.01256277350380703,0.03839629299804171,0.00010952662748632558,0.8487346516301046,,COMPLETE
5,0.17906651832163334,2026-10-04 09:37:53.640707,2026-10-04 09:41:50.996401,0 days 00:03:57.355694,0.520902685723999,0.05987474910461398,0.10677482709481352,0.0002157696745589684,0.9991844553958993,,COMPLETE
6,0.1788841001689434,2026-10-04 09:41:51.009708,2026-10-04 09:45:47.964562,0 days 00:03:56.954854,0.9345344148835517,0.7025166339242155,0.013492834268013254,0.00010769622478263136,0.9263103092182288,,COMPLETE
7,0.17502666264772415,2026-10-04 09:45:47.978286,2026-10-04 09:49:45.377870,0 days 00:03:57.399584,0.6980686221828205,0.11290133559092672,0.015679933916723017,0.000236288641842364,1.2615344229334267,,COMPLETE
8,0.175685316324234,2026-10-04 09:49:45.393856,2026-10-04 09:53:42.833262,0 days 00:03:57.439406,0.6164509917200076,0.5345166110646817,0.011715937392307063,1.6119044727609182e-05,1.7379422752781755,,COMPLETE
9,0.17900154925882816,2026-10-04 09:53:42.849419,2026-10-04 09:57:40.577438,0 days 00:03:57.728019,0.5831845049864872,0.043664735929796326,0.10968217207529521,0.00013353819088790598,1.2792776902235274,,COMPLETE
10,0.16944735497236252,2026-10-04 09:57:40.591821,2026-10-04 10:01:38.589522,0 days 00:03:57.997701,0.698784083294261,0.056967005616675066,0.01022485193838042,9.455278705250586e-05,2.3961507296530065,"{""a"": 0.698784083294261, ""delta"": 0.056967005616675066, ""gamma"": 0.01022485193838042, ""lr_joint"": 9.455278705250586e-05, ""temperature"": 2.3961507296530065}",COMPLETE
11,0.17524983920156956,2026-10-04 10:01:38.605020,2026-10-04 10:05:36.644349,0 days 00:03:58.039329,0.7097672814940885,0.1640893907354558,0.017150403483290236,0.00022436361757799172,1.6922229283248513,"{""a"": 0.7097672814940885, ""delta"": 0.1640893907354558, ""gamma"": 0.017150403483290236, ""lr_joint"": 0.00022436361757799172, ""temperature"": 1.6922229283248513}",COMPLETE
12,0.17259747348725796,2026-10-04 10:05:36.657838,2026-10-04 10:09:33.733938,0 days 00:03:57.076100,0.7466906587940979,0.09136274983309847,0.011593934107877629,6.196413036851736e-05,2.3622676929780595,"{""a"": 0.7466906587940979, ""delta"": 0.09136274983309847, ""gamma"": 0.011593934107877629, ""lr_joint"": 6.196413036851736e-05, ""temperature"": 2.3622676929780595}",COMPLETE
13,0.17205955274403095,2026-10-04 10:09:33.749662,2026-10-04 10:13:31.024919,0 days 00:03:57.275257,0.6830241008624277,0.0645550751600326,0.010749360028975969,5.6201353793835285e-05,1.617319930966683,"{""a"": 0.6830241008624277, ""delta"": 0.0645550751600326, ""gamma"": 0.010749360028975969, ""lr_joint"": 5.6201353793835285e-05, ""temperature"": 1.617319930966683}",COMPLETE
14,0.17653104662895203,2026-10-04 10:13:31.041957,2026-10-04 10:17:28.483210,0 days 00:03:57.441253,0.8240784364664353,0.0190765401459308,0.026925432514377054,0.00010716164930561067,2.5843459817458454,"{""a"": 0.8240784364664353, ""delta"": 0.0190765401459308, ""gamma"": 0.026925432514377054, ""lr_joint"": 0.00010716164930561067, ""temperature"": 2.5843459817458454}",COMPLETE
15,0.16606699116528034,2026-10-04 10:17:28.499458,2026-10-04 10:21:26.342495,0 days 00:03:57.843037,0.5274701760731008,0.04979544833109174,0.012081798192661506,0.0002042846174037331,2.1752305460205217,"{""a"": 0.5274701760731008, ""delta"": 0.04979544833109174, ""gamma"": 0.012081798192661506, ""lr_joint"": 0.0002042846174037331, ""temperature"": 2.1752305460205217}",COMPLETE
16,0.1730601992458105,2026-10-04 10:21:26.358311,2026-10-04 10:25:23.663432,0 days 00:03:57.305121,0.5085702408673052,0.34664044195682175,0.012229511427158106,0.00013352306080448387,2.071038346137403,"{""a"": 0.5085702408673052, ""delta"": 0.34664044195682175, ""gamma"": 0.012229511427158106, ""lr_joint"": 0.00013352306080448387, ""temperature"": 2.071038346137403}",COMPLETE
17,0.17730119824409485,2026-10-04 10:25:23.678914,2026-10-04 10:29:21.550277,0 days 00:03:57.871363,0.6130062982352826,0.16603756756249546,0.042357235167062815,0.0004764612870917185,2.0883921860951293,"{""a"": 0.6130062982352826, ""delta"": 0.16603756756249546, ""gamma"": 0.042357235167062815, ""lr_joint"": 0.0004764612870917185, ""temperature"": 2.0883921860951293}",COMPLETE
18,0.17634406127035618,2026-10-04 10:29:21.564014,2026-10-04 10:33:18.921469,0 days 00:03:57.357455,0.5110304892023375,0.08898887120815638,0.04430317220386117,0.00013016316336547851,1.9545931569325719,"{""a"": 0.5110304892023375, ""delta"": 0.08898887120815638, ""gamma"": 0.04430317220386117, ""lr_joint"": 0.00013016316336547851, ""temperature"": 1.9545931569325719}",COMPLETE
19,0.17586109042167664,2026-10-04 10:33:18.935132,2026-10-04 10:37:16.834328,0 days 00:03:57.899196,0.7930316002330263,0.38514870279482155,0.011137777483277843,0.0003235966695801865,2.492686472222848,"{""a"": 0.7930316002330263, ""delta"": 0.38514870279482155, ""gamma"": 0.011137777483277843, ""lr_joint"": 0.0003235966695801865, ""temperature"": 2.492686472222848}",COMPLETE
